<?xml version="1.0" encoding="UTF-8"?>
<!-- Generated by org.testng.reporters.JUnitReportReporter -->
<testsuite skipped="0" hostname="DVA-C02M429AFD58" name="Demographic.PatientHistory" tests="1" failures="0" timestamp="28 May 2018 02:46:39 GMT" time="0.010" errors="0">
  <testcase name="f" time="0.010" classname="Demographic.PatientHistory"/>
</testsuite> <!-- Demographic.PatientHistory -->
