<?xml version="1.0" encoding="UTF-8"?>
<!-- Generated by org.testng.reporters.JUnitReportReporter -->
<testsuite skipped="0" hostname="DVA-C02M429AFD58" name="Demographic.PatientAddress" tests="1" failures="0" timestamp="28 May 2018 02:47:35 GMT" time="0.009" errors="0">
  <testcase name="f" time="0.009" classname="Demographic.PatientAddress"/>
</testsuite> <!-- Demographic.PatientAddress -->
